2012-04-30-11:29:08:947|  INFO|Load                |STARTED
2012-04-30-11:29:10:914|  INFO|ListViewDevices     |------>>>>>>> UpdatedataListViewDevices <<<<<<<<<<<---------------------
2012-04-30-11:29:10:937|  INFO|ListViewDevices     |------>>>>>>> UpdatedataListViewDevices <<<<<<<<<<<---------------------
2012-04-30-11:29:10:975|  INFO|ListTriggers        |------>>>>>>> SyncdataListTriggers <<<<<<<<<<<---------------------
2012-04-30-11:29:11:000|  INFO|ListViewScenes      |------>>>>>>> SyncdataListViewScenes <<<<<<<<<<<---------------------
2012-04-30-11:29:11:068|  INFO|ScheduledTaskList   |------>>>>>>> Syned dataListTasks <<<<<<<<<<<---------------------
2012-04-30-11:29:11:117|  INFO|ScheduledTaskList   |------>>>>>>> Syned dataListTasks <<<<<<<<<<<---------------------
2012-04-30-11:31:05:225|  INFO|PLUGIN MANAGER      |[Processing Device Type CMD] API:USBUIRT, CMD_NAME:Add device, ARG:
2012-04-30-11:31:05:238|WARNING|USBUIRT             |Attemped command Add device on 'USB-UIRT' on a disabled plugin. Removing command from que...
2012-04-30-11:31:05:246|  INFO|EVENT               |Qued device type command #'1' has completed with errors.
2012-04-30-11:31:20:980|  INFO|PLUGIN MANAGER      |[Processing Device Type CMD] API:USBUIRT, CMD_NAME:Add device, ARG:
2012-04-30-11:31:21:004|WARNING|USBUIRT             |Attemped command Add device on 'USB-UIRT' on a disabled plugin. Removing command from que...
2012-04-30-11:35:44:361|  INFO|Load                |STARTED
2012-04-30-11:35:46:579|  INFO|ListViewDevices     |------>>>>>>> UpdatedataListViewDevices <<<<<<<<<<<---------------------
2012-04-30-11:35:46:623|  INFO|ListTriggers        |------>>>>>>> SyncdataListTriggers <<<<<<<<<<<---------------------
2012-04-30-11:35:46:652|  INFO|ListViewScenes      |------>>>>>>> SyncdataListViewScenes <<<<<<<<<<<---------------------
2012-04-30-11:35:46:730|  INFO|ScheduledTaskList   |------>>>>>>> Syned dataListTasks <<<<<<<<<<<---------------------
2012-04-30-11:35:54:763|  INFO|Load                |STARTED
2012-04-30-11:35:56:856|  INFO|ListViewDevices     |------>>>>>>> UpdatedataListViewDevices <<<<<<<<<<<---------------------
2012-04-30-11:35:56:896|  INFO|ListTriggers        |------>>>>>>> SyncdataListTriggers <<<<<<<<<<<---------------------
2012-04-30-11:35:56:921|  INFO|ListViewScenes      |------>>>>>>> SyncdataListViewScenes <<<<<<<<<<<---------------------
2012-04-30-11:35:56:993|  INFO|ScheduledTaskList   |------>>>>>>> Syned dataListTasks <<<<<<<<<<<---------------------
2012-04-30-11:37:10:824|  INFO|PLUGIN MANAGER      |[Processing Device Type CMD] API:USBUIRT, CMD_NAME:Add device, ARG:
2012-04-30-11:37:10:836|WARNING|USBUIRT             |Attemped command Add device on 'USB-UIRT' on a disabled plugin. Removing command from que...
2012-04-30-11:37:10:842|  INFO|EVENT               |Qued device type command #'3' has completed with errors.
2012-04-30-12:19:56:376|  INFO|Load                |STARTED
2012-04-30-12:19:58:503|  INFO|ListViewDevices     |------>>>>>>> UpdatedataListViewDevices <<<<<<<<<<<---------------------
2012-04-30-12:19:58:543|  INFO|ListTriggers        |------>>>>>>> SyncdataListTriggers <<<<<<<<<<<---------------------
2012-04-30-12:19:58:568|  INFO|ListViewScenes      |------>>>>>>> SyncdataListViewScenes <<<<<<<<<<<---------------------
2012-04-30-12:19:58:644|  INFO|ScheduledTaskList   |------>>>>>>> Syned dataListTasks <<<<<<<<<<<---------------------
2012-04-30-12:20:02:033|  INFO|PLUGIN MANAGER      |[Processing Device Type CMD] API:USBUIRT, CMD_NAME:Add device, ARG:
2012-04-30-12:20:02:045|WARNING|USBUIRT             |Attemped command Add device on 'USB-UIRT' on a disabled plugin. Removing command from que...
2012-04-30-12:20:02:051|  INFO|EVENT               |Qued device type command #'4' has completed with errors.
2012-04-30-12:20:35:647|  INFO|PLUGIN MANAGER      |[Processing Device Type CMD] API:USBUIRT, CMD_NAME:Add device, ARG:
2012-04-30-12:20:35:665|WARNING|USBUIRT             |Attemped command Add device on 'USB-UIRT' on a disabled plugin. Removing command from que...
2012-04-30-12:21:53:583|  INFO|EVENT               |Qued device type command #'5' has completed with errors.
2012-04-30-12:22:03:894|  INFO|USB-UIRT Plugin     |USB-UIRT Plugin plugin started.
2012-04-30-12:23:28:174|  INFO|Load                |STARTED
2012-04-30-12:23:30:205|  INFO|USB-UIRT Plugin     |USB-UIRT Plugin plugin started.
2012-04-30-12:23:30:316|  INFO|ListViewDevices     |------>>>>>>> UpdatedataListViewDevices <<<<<<<<<<<---------------------
2012-04-30-12:23:30:361|  INFO|ListTriggers        |------>>>>>>> SyncdataListTriggers <<<<<<<<<<<---------------------
2012-04-30-12:23:30:397|  INFO|ListViewScenes      |------>>>>>>> SyncdataListViewScenes <<<<<<<<<<<---------------------
2012-04-30-12:23:30:464|  INFO|ScheduledTaskList   |------>>>>>>> Syned dataListTasks <<<<<<<<<<<---------------------
2012-04-30-12:23:34:467|  INFO|PLUGIN MANAGER      |[Processing Device Type CMD] API:USBUIRT, CMD_NAME:Add device, ARG:
2012-04-30-12:25:08:374|  INFO|Load                |STARTED
2012-04-30-12:25:10:352|  INFO|USB-UIRT Plugin     |USB-UIRT Plugin plugin started.
2012-04-30-12:25:10:456|  INFO|ListViewDevices     |------>>>>>>> UpdatedataListViewDevices <<<<<<<<<<<---------------------
2012-04-30-12:25:10:497|  INFO|ListTriggers        |------>>>>>>> SyncdataListTriggers <<<<<<<<<<<---------------------
2012-04-30-12:25:10:522|  INFO|ListViewScenes      |------>>>>>>> SyncdataListViewScenes <<<<<<<<<<<---------------------
2012-04-30-12:25:10:594|  INFO|ScheduledTaskList   |------>>>>>>> Syned dataListTasks <<<<<<<<<<<---------------------
2012-04-30-12:26:56:167|  INFO|Load                |STARTED
2012-04-30-12:26:58:207|  INFO|USB-UIRT Plugin     |USB-UIRT Plugin plugin started.
2012-04-30-12:26:58:314|  INFO|ListViewDevices     |------>>>>>>> UpdatedataListViewDevices <<<<<<<<<<<---------------------
2012-04-30-12:26:58:355|  INFO|ListTriggers        |------>>>>>>> SyncdataListTriggers <<<<<<<<<<<---------------------
2012-04-30-12:26:58:381|  INFO|ListViewScenes      |------>>>>>>> SyncdataListViewScenes <<<<<<<<<<<---------------------
2012-04-30-12:26:58:448|  INFO|ScheduledTaskList   |------>>>>>>> Syned dataListTasks <<<<<<<<<<<---------------------
2012-04-30-12:27:01:359|  INFO|PLUGIN MANAGER      |[Processing Device Type CMD] API:USBUIRT, CMD_NAME:Add device, ARG:
2012-05-01-07:32:09:780|  INFO|Load                |STARTED
2012-05-01-07:32:11:783|  INFO|USB-UIRT Plugin     |USB-UIRT Plugin plugin started.
2012-05-01-07:32:11:889|  INFO|ListViewDevices     |------>>>>>>> UpdatedataListViewDevices <<<<<<<<<<<---------------------
2012-05-01-07:32:11:958|  INFO|ListTriggers        |------>>>>>>> SyncdataListTriggers <<<<<<<<<<<---------------------
2012-05-01-07:32:11:986|  INFO|ListViewScenes      |------>>>>>>> SyncdataListViewScenes <<<<<<<<<<<---------------------
2012-05-01-07:32:12:053|  INFO|ScheduledTaskList   |------>>>>>>> Syned dataListTasks <<<<<<<<<<<---------------------
2012-05-01-07:33:23:133|  INFO|ListViewScenes      |------>>>>>>> SyncdataListViewScenes <<<<<<<<<<<---------------------
2012-05-01-07:33:31:923|  INFO|MAIN                |Failed to start scene 'New Scene' because it has no commands!
2012-05-01-07:33:43:429|  INFO|ListViewScenes      |------>>>>>>> SyncdataListViewScenes <<<<<<<<<<<---------------------
2012-05-01-07:33:44:944|  INFO|EVENT               |Scene 'New Scene' started.
2012-05-01-07:33:45:035|  INFO|ListViewScenes      |------>>>>>>> SyncdataListViewScenes <<<<<<<<<<<---------------------
2012-05-01-07:33:45:042|  INFO|MAIN                |Scene 'New Scene' started.
2012-05-01-07:33:45:065|  INFO|MainForm            |[PROCESSING BUILTIN CMD] CMD_NAME:Repoll all Devices, ARG:
2012-05-01-07:33:45:108|  INFO|EVENT               |Scene 'New Scene' has completed with 0 errors.
2012-05-01-07:33:45:182|  INFO|ListViewScenes      |------>>>>>>> SyncdataListViewScenes <<<<<<<<<<<---------------------
2012-05-01-07:34:15:763|  INFO|EVENT               |Scene 'New Scene' started.
2012-05-01-07:34:15:845|  INFO|MainForm            |[PROCESSING BUILTIN CMD] CMD_NAME:Repoll all Devices, ARG:
2012-05-01-07:34:15:850|  INFO|ListViewScenes      |------>>>>>>> SyncdataListViewScenes <<<<<<<<<<<---------------------
2012-05-01-07:34:15:876|  INFO|MAIN                |Scene 'New Scene' started.
2012-05-01-07:34:15:938|  INFO|EVENT               |Scene 'New Scene' has completed with 0 errors.
2012-05-01-07:34:16:011|  INFO|ListViewScenes      |------>>>>>>> SyncdataListViewScenes <<<<<<<<<<<---------------------
2012-05-01-07:36:23:840|  INFO|EVENT               |Scene 'New Scene' started.
2012-05-01-07:36:23:884|  INFO|MainForm            |[PROCESSING BUILTIN CMD] CMD_NAME:Repoll all Devices, ARG:
2012-05-01-07:36:23:931|  INFO|ListViewScenes      |------>>>>>>> SyncdataListViewScenes <<<<<<<<<<<---------------------
2012-05-01-07:36:23:955|  INFO|MAIN                |Scene 'New Scene' started.
2012-05-01-07:36:24:022|  INFO|EVENT               |Scene 'New Scene' has completed with 0 errors.
2012-05-01-07:36:24:093|  INFO|ListViewScenes      |------>>>>>>> SyncdataListViewScenes <<<<<<<<<<<---------------------
2012-05-01-07:37:06:461|  INFO|EVENT               |Scene 'New Scene' started.
2012-05-01-07:37:06:503|  INFO|MainForm            |[PROCESSING BUILTIN CMD] CMD_NAME:Repoll all Devices, ARG:
2012-05-01-07:37:06:551|  INFO|ListViewScenes      |------>>>>>>> SyncdataListViewScenes <<<<<<<<<<<---------------------
2012-05-01-07:37:06:574|  INFO|MAIN                |Scene 'New Scene' started.
2012-05-01-07:37:06:634|  INFO|EVENT               |Scene 'New Scene' has completed with 0 errors.
2012-05-01-07:37:06:701|  INFO|ListViewScenes      |------>>>>>>> SyncdataListViewScenes <<<<<<<<<<<---------------------
2012-05-01-09:10:50:592|  INFO|Load                |STARTED
2012-05-01-09:10:52:945|  INFO|USB-UIRT Plugin     |USB-UIRT Plugin plugin started.
2012-05-01-09:10:53:071|  INFO|ListViewDevices     |------>>>>>>> UpdatedataListViewDevices <<<<<<<<<<<---------------------
2012-05-01-09:10:53:113|  INFO|ListTriggers        |------>>>>>>> SyncdataListTriggers <<<<<<<<<<<---------------------
2012-05-01-09:10:53:153|  INFO|ListViewScenes      |------>>>>>>> SyncdataListViewScenes <<<<<<<<<<<---------------------
2012-05-01-09:10:53:336|  INFO|ScheduledTaskList   |------>>>>>>> Syned dataListTasks <<<<<<<<<<<---------------------
2012-05-02-08:24:38:875|  INFO|Load                |STARTED
2012-05-02-08:24:40:962|  INFO|USB-UIRT Plugin     |USB-UIRT Plugin plugin started.
2012-05-02-08:24:41:095|  INFO|ListViewDevices     |------>>>>>>> UpdatedataListViewDevices <<<<<<<<<<<---------------------
2012-05-02-08:24:41:138|  INFO|ListTriggers        |------>>>>>>> SyncdataListTriggers <<<<<<<<<<<---------------------
2012-05-02-08:24:41:171|  INFO|ListViewScenes      |------>>>>>>> SyncdataListViewScenes <<<<<<<<<<<---------------------
2012-05-02-08:24:41:344|  INFO|ScheduledTaskList   |------>>>>>>> Syned dataListTasks <<<<<<<<<<<---------------------
2012-05-02-08:24:55:220|  INFO|EVENT               |Scene 'New Scene' started.
2012-05-02-08:24:55:311|  INFO|ListViewScenes      |------>>>>>>> SyncdataListViewScenes <<<<<<<<<<<---------------------
2012-05-02-08:24:55:343|  INFO|MainForm            |[PROCESSING BUILTIN CMD] CMD_NAME:Repoll all Devices, ARG:
2012-05-02-08:24:55:349|  INFO|MAIN                |Scene 'New Scene' started.
2012-05-02-08:24:55:423|  INFO|EVENT               |Scene 'New Scene' has completed with 0 errors.
2012-05-02-08:24:55:508|  INFO|ListViewScenes      |------>>>>>>> SyncdataListViewScenes <<<<<<<<<<<---------------------
2012-05-02-08:25:28:243|  INFO|EVENT               |Scene 'New Scene' started.
2012-05-02-08:25:28:311|  INFO|MainForm            |[PROCESSING BUILTIN CMD] CMD_NAME:Repoll all Devices, ARG:
2012-05-02-08:25:28:323|  INFO|ListViewScenes      |------>>>>>>> SyncdataListViewScenes <<<<<<<<<<<---------------------
2012-05-02-08:25:28:352|  INFO|MAIN                |Scene 'New Scene' started.
2012-05-02-08:25:28:416|  INFO|EVENT               |Scene 'New Scene' has completed with 0 errors.
2012-05-02-08:25:28:490|  INFO|ListViewScenes      |------>>>>>>> SyncdataListViewScenes <<<<<<<<<<<---------------------
2012-05-02-08:26:14:651|  INFO|EVENT               |Scene 'New Scene' started.
2012-05-02-08:26:14:794|  INFO|MainForm            |[PROCESSING BUILTIN CMD] CMD_NAME:Repoll all Devices, ARG:
2012-05-02-08:26:14:842|  INFO|ListViewScenes      |------>>>>>>> SyncdataListViewScenes <<<<<<<<<<<---------------------
2012-05-02-08:26:14:875|  INFO|MAIN                |Scene 'New Scene' started.
2012-05-02-08:26:14:944|  INFO|EVENT               |Scene 'New Scene' has completed with 0 errors.
2012-05-02-08:26:15:015|  INFO|ListViewScenes      |------>>>>>>> SyncdataListViewScenes <<<<<<<<<<<---------------------
2012-05-02-08:26:34:571|  INFO|EVENT               |Scene 'New Scene' started.
2012-05-02-08:26:34:696|  INFO|MainForm            |[PROCESSING BUILTIN CMD] CMD_NAME:Repoll all Devices, ARG:
2012-05-02-08:26:34:837|  INFO|ListViewScenes      |------>>>>>>> SyncdataListViewScenes <<<<<<<<<<<---------------------
2012-05-02-08:29:21:283|  INFO|MAIN                |Scene 'New Scene' started.
2012-05-02-08:29:22:226|  INFO|EVENT               |Scene 'New Scene' has completed with 0 errors.
2012-05-02-08:29:22:298|  INFO|ListViewScenes      |------>>>>>>> SyncdataListViewScenes <<<<<<<<<<<---------------------
2012-05-02-08:29:42:808|  INFO|EVENT               |Scene 'New Scene' started.
2012-05-02-08:29:42:866|  INFO|MainForm            |[PROCESSING BUILTIN CMD] CMD_NAME:Repoll all Devices, ARG:
2012-05-02-08:29:42:915|  INFO|ListViewScenes      |------>>>>>>> SyncdataListViewScenes <<<<<<<<<<<---------------------
2012-05-02-08:29:42:945|  INFO|MAIN                |Scene 'New Scene' started.
2012-05-02-08:29:43:013|  INFO|EVENT               |Scene 'New Scene' has completed with 0 errors.
2012-05-02-08:29:43:088|  INFO|ListViewScenes      |------>>>>>>> SyncdataListViewScenes <<<<<<<<<<<---------------------
2012-05-02-08:29:51:134|  INFO|EVENT               |Scene 'New Scene' started.
2012-05-02-08:29:51:305|  INFO|MainForm            |[PROCESSING BUILTIN CMD] CMD_NAME:Repoll all Devices, ARG:
2012-05-02-08:29:51:357|  INFO|ListViewScenes      |------>>>>>>> SyncdataListViewScenes <<<<<<<<<<<---------------------
2012-05-02-08:29:51:391|  INFO|MAIN                |Scene 'New Scene' started.
2012-05-02-08:29:51:483|  INFO|EVENT               |Scene 'New Scene' has completed with 0 errors.
2012-05-02-08:29:51:553|  INFO|ListViewScenes      |------>>>>>>> SyncdataListViewScenes <<<<<<<<<<<---------------------
2012-05-02-08:32:36:230|  INFO|EVENT               |Scene 'New Scene' started.
2012-05-02-08:32:36:273|  INFO|MainForm            |[PROCESSING BUILTIN CMD] CMD_NAME:Repoll all Devices, ARG:
2012-05-02-08:32:36:321|  INFO|ListViewScenes      |------>>>>>>> SyncdataListViewScenes <<<<<<<<<<<---------------------
2012-05-02-08:32:36:353|  INFO|MAIN                |Scene 'New Scene' started.
2012-05-02-08:32:36:433|  INFO|EVENT               |Scene 'New Scene' has completed with 0 errors.
2012-05-02-08:32:36:504|  INFO|ListViewScenes      |------>>>>>>> SyncdataListViewScenes <<<<<<<<<<<---------------------
2012-05-02-08:33:05:414|  INFO|EVENT               |Scene 'New Scene' started.
2012-05-02-08:33:05:459|  INFO|MainForm            |[PROCESSING BUILTIN CMD] CMD_NAME:Repoll all Devices, ARG:
2012-05-02-08:33:05:505|  INFO|ListViewScenes      |------>>>>>>> SyncdataListViewScenes <<<<<<<<<<<---------------------
2012-05-02-08:33:05:538|  INFO|MAIN                |Scene 'New Scene' started.
2012-05-02-08:33:05:616|  INFO|EVENT               |Scene 'New Scene' has completed with 0 errors.
2012-05-02-08:33:05:688|  INFO|ListViewScenes      |------>>>>>>> SyncdataListViewScenes <<<<<<<<<<<---------------------
2012-05-02-08:34:03:205|  INFO|Load                |STARTED
2012-05-02-08:34:05:273|  INFO|USB-UIRT Plugin     |USB-UIRT Plugin plugin started.
2012-05-02-08:34:05:380|  INFO|ListViewDevices     |------>>>>>>> UpdatedataListViewDevices <<<<<<<<<<<---------------------
2012-05-02-08:34:05:424|  INFO|ListTriggers        |------>>>>>>> SyncdataListTriggers <<<<<<<<<<<---------------------
2012-05-02-08:34:05:456|  INFO|ListViewScenes      |------>>>>>>> SyncdataListViewScenes <<<<<<<<<<<---------------------
2012-05-02-08:34:05:623|  INFO|ScheduledTaskList   |------>>>>>>> Syned dataListTasks <<<<<<<<<<<---------------------
2012-05-02-08:34:10:948|  INFO|EVENT               |Scene 'New Scene' started.
2012-05-02-08:34:11:036|  INFO|ListViewScenes      |------>>>>>>> SyncdataListViewScenes <<<<<<<<<<<---------------------
2012-05-02-08:34:11:051|  INFO|MAIN                |Scene 'New Scene' started.
2012-05-02-08:34:11:068|  INFO|MainForm            |[PROCESSING BUILTIN CMD] CMD_NAME:Repoll all Devices, ARG:
2012-05-02-08:34:11:129|  INFO|EVENT               |Scene 'New Scene' has completed with 0 errors.
2012-05-02-08:34:11:201|  INFO|ListViewScenes      |------>>>>>>> SyncdataListViewScenes <<<<<<<<<<<---------------------
2012-05-02-08:36:07:127|  INFO|Load                |STARTED
2012-05-02-08:36:09:174|  INFO|USB-UIRT Plugin     |USB-UIRT Plugin plugin started.
2012-05-02-08:36:09:305|  INFO|ListViewDevices     |------>>>>>>> UpdatedataListViewDevices <<<<<<<<<<<---------------------
2012-05-02-08:36:09:362|  INFO|ListTriggers        |------>>>>>>> SyncdataListTriggers <<<<<<<<<<<---------------------
2012-05-02-08:36:09:400|  INFO|ListViewScenes      |------>>>>>>> SyncdataListViewScenes <<<<<<<<<<<---------------------
